::1 - Thu Dec 27 2018 14:31:55 GMT+0530 (India Standard Time) - GET / HTTP/1.1 500 35 - 8 - Mozilla/5.0 (Windows NT 10.0; Win64; x64) AppleWebKit/537.36 (KHTML, like Gecko) Chrome/71.0.3578.98 Safari/537.36
::1 - Thu Dec 27 2018 14:31:56 GMT+0530 (India Standard Time) - GET /favicon.ico HTTP/1.1 200 106331 - 241 http://localhost:3000/ Mozilla/5.0 (Windows NT 10.0; Win64; x64) AppleWebKit/537.36 (KHTML, like Gecko) Chrome/71.0.3578.98 Safari/537.36
::1 - Thu Dec 27 2018 14:32:29 GMT+0530 (India Standard Time) - GET / HTTP/1.1 500 35 - 1 - Mozilla/5.0 (Windows NT 10.0; Win64; x64) AppleWebKit/537.36 (KHTML, like Gecko) Chrome/71.0.3578.98 Safari/537.36
::1 - Thu Dec 27 2018 14:34:44 GMT+0530 (India Standard Time) - GET /users HTTP/1.1 200 23 - 2 - Mozilla/5.0 (Windows NT 10.0; Win64; x64) AppleWebKit/537.36 (KHTML, like Gecko) Chrome/71.0.3578.98 Safari/537.36
::1 - Thu Dec 27 2018 14:37:18 GMT+0530 (India Standard Time) - GET / HTTP/1.1 200 684 - 94 - Mozilla/5.0 (Windows NT 10.0; Win64; x64) AppleWebKit/537.36 (KHTML, like Gecko) Chrome/71.0.3578.98 Safari/537.36
::1 - Thu Dec 27 2018 14:37:18 GMT+0530 (India Standard Time) - GET /javascripts/html5shiv.min.js HTTP/1.1 200 2730 - 23 http://localhost:3000/ Mozilla/5.0 (Windows NT 10.0; Win64; x64) AppleWebKit/537.36 (KHTML, like Gecko) Chrome/71.0.3578.98 Safari/537.36
::1 - Thu Dec 27 2018 14:37:18 GMT+0530 (India Standard Time) - GET /stylesheets/style.css HTTP/1.1 200 111 - 30 http://localhost:3000/ Mozilla/5.0 (Windows NT 10.0; Win64; x64) AppleWebKit/537.36 (KHTML, like Gecko) Chrome/71.0.3578.98 Safari/537.36
::1 - Thu Dec 27 2018 14:37:18 GMT+0530 (India Standard Time) - GET /javascripts/respond.matchmedia.addListener.min.js HTTP/1.1 200 5235 - 31 http://localhost:3000/ Mozilla/5.0 (Windows NT 10.0; Win64; x64) AppleWebKit/537.36 (KHTML, like Gecko) Chrome/71.0.3578.98 Safari/537.36
::1 - Thu Dec 27 2018 14:37:18 GMT+0530 (India Standard Time) - GET /javascripts/respond.min.js HTTP/1.1 200 4593 - 45 http://localhost:3000/ Mozilla/5.0 (Windows NT 10.0; Win64; x64) AppleWebKit/537.36 (KHTML, like Gecko) Chrome/71.0.3578.98 Safari/537.36
::1 - Thu Dec 27 2018 14:37:18 GMT+0530 (India Standard Time) - GET /javascripts/html5shiv-printshiv.min.js HTTP/1.1 200 4366 - 96 http://localhost:3000/ Mozilla/5.0 (Windows NT 10.0; Win64; x64) AppleWebKit/537.36 (KHTML, like Gecko) Chrome/71.0.3578.98 Safari/537.36
::1 - Thu Dec 27 2018 14:37:18 GMT+0530 (India Standard Time) - GET /ficon.ico HTTP/1.1 200 106331 - 41 http://localhost:3000/ Mozilla/5.0 (Windows NT 10.0; Win64; x64) AppleWebKit/537.36 (KHTML, like Gecko) Chrome/71.0.3578.98 Safari/537.36
::1 - Thu Dec 27 2018 16:56:12 GMT+0530 (India Standard Time) - GET / HTTP/1.1 200 663 - 40 - Mozilla/5.0 (Windows NT 10.0; Win64; x64) AppleWebKit/537.36 (KHTML, like Gecko) Chrome/71.0.3578.98 Safari/537.36
::1 - Thu Dec 27 2018 16:56:12 GMT+0530 (India Standard Time) - GET /stylesheets/style.css HTTP/1.1 304 - - 7 http://localhost:3000/ Mozilla/5.0 (Windows NT 10.0; Win64; x64) AppleWebKit/537.36 (KHTML, like Gecko) Chrome/71.0.3578.98 Safari/537.36
::1 - Thu Dec 27 2018 16:56:12 GMT+0530 (India Standard Time) - GET /javascripts/html5shiv.min.js HTTP/1.1 304 - - 8 http://localhost:3000/ Mozilla/5.0 (Windows NT 10.0; Win64; x64) AppleWebKit/537.36 (KHTML, like Gecko) Chrome/71.0.3578.98 Safari/537.36
::1 - Thu Dec 27 2018 16:56:12 GMT+0530 (India Standard Time) - GET /javascripts/html5shiv-printshiv.min.js HTTP/1.1 304 - - 10 http://localhost:3000/ Mozilla/5.0 (Windows NT 10.0; Win64; x64) AppleWebKit/537.36 (KHTML, like Gecko) Chrome/71.0.3578.98 Safari/537.36
::1 - Thu Dec 27 2018 16:56:12 GMT+0530 (India Standard Time) - GET /javascripts/respond.min.js HTTP/1.1 304 - - 10 http://localhost:3000/ Mozilla/5.0 (Windows NT 10.0; Win64; x64) AppleWebKit/537.36 (KHTML, like Gecko) Chrome/71.0.3578.98 Safari/537.36
::1 - Thu Dec 27 2018 16:56:12 GMT+0530 (India Standard Time) - GET /javascripts/respond.matchmedia.addListener.min.js HTTP/1.1 304 - - 12 http://localhost:3000/ Mozilla/5.0 (Windows NT 10.0; Win64; x64) AppleWebKit/537.36 (KHTML, like Gecko) Chrome/71.0.3578.98 Safari/537.36
::1 - Thu Dec 27 2018 17:00:27 GMT+0530 (India Standard Time) - GET / HTTP/1.1 304 - - 66 - Mozilla/5.0 (Windows NT 10.0; Win64; x64) AppleWebKit/537.36 (KHTML, like Gecko) Chrome/71.0.3578.98 Safari/537.36
::1 - Thu Dec 27 2018 17:00:27 GMT+0530 (India Standard Time) - GET /stylesheets/style.css HTTP/1.1 304 - - 5 http://localhost:3000/ Mozilla/5.0 (Windows NT 10.0; Win64; x64) AppleWebKit/537.36 (KHTML, like Gecko) Chrome/71.0.3578.98 Safari/537.36
::1 - Thu Dec 27 2018 17:00:27 GMT+0530 (India Standard Time) - GET /javascripts/html5shiv.min.js HTTP/1.1 304 - - 6 http://localhost:3000/ Mozilla/5.0 (Windows NT 10.0; Win64; x64) AppleWebKit/537.36 (KHTML, like Gecko) Chrome/71.0.3578.98 Safari/537.36
::1 - Thu Dec 27 2018 17:00:27 GMT+0530 (India Standard Time) - GET /javascripts/html5shiv-printshiv.min.js HTTP/1.1 304 - - 10 http://localhost:3000/ Mozilla/5.0 (Windows NT 10.0; Win64; x64) AppleWebKit/537.36 (KHTML, like Gecko) Chrome/71.0.3578.98 Safari/537.36
::1 - Thu Dec 27 2018 17:00:27 GMT+0530 (India Standard Time) - GET /javascripts/respond.min.js HTTP/1.1 304 - - 3 http://localhost:3000/ Mozilla/5.0 (Windows NT 10.0; Win64; x64) AppleWebKit/537.36 (KHTML, like Gecko) Chrome/71.0.3578.98 Safari/537.36
::1 - Thu Dec 27 2018 17:00:27 GMT+0530 (India Standard Time) - GET /javascripts/respond.matchmedia.addListener.min.js HTTP/1.1 304 - - 5 http://localhost:3000/ Mozilla/5.0 (Windows NT 10.0; Win64; x64) AppleWebKit/537.36 (KHTML, like Gecko) Chrome/71.0.3578.98 Safari/537.36
::1 - Thu Dec 27 2018 17:01:15 GMT+0530 (India Standard Time) - GET / HTTP/1.1 304 - - 31 - Mozilla/5.0 (Windows NT 10.0; Win64; x64) AppleWebKit/537.36 (KHTML, like Gecko) Chrome/71.0.3578.98 Safari/537.36
::1 - Thu Dec 27 2018 17:01:15 GMT+0530 (India Standard Time) - GET /stylesheets/style.css HTTP/1.1 304 - - 5 http://localhost:3000/ Mozilla/5.0 (Windows NT 10.0; Win64; x64) AppleWebKit/537.36 (KHTML, like Gecko) Chrome/71.0.3578.98 Safari/537.36
::1 - Thu Dec 27 2018 17:01:15 GMT+0530 (India Standard Time) - GET /javascripts/html5shiv.min.js HTTP/1.1 304 - - 6 http://localhost:3000/ Mozilla/5.0 (Windows NT 10.0; Win64; x64) AppleWebKit/537.36 (KHTML, like Gecko) Chrome/71.0.3578.98 Safari/537.36
::1 - Thu Dec 27 2018 17:01:15 GMT+0530 (India Standard Time) - GET /javascripts/html5shiv-printshiv.min.js HTTP/1.1 304 - - 9 http://localhost:3000/ Mozilla/5.0 (Windows NT 10.0; Win64; x64) AppleWebKit/537.36 (KHTML, like Gecko) Chrome/71.0.3578.98 Safari/537.36
::1 - Thu Dec 27 2018 17:01:15 GMT+0530 (India Standard Time) - GET /javascripts/respond.min.js HTTP/1.1 304 - - 11 http://localhost:3000/ Mozilla/5.0 (Windows NT 10.0; Win64; x64) AppleWebKit/537.36 (KHTML, like Gecko) Chrome/71.0.3578.98 Safari/537.36
::1 - Thu Dec 27 2018 17:01:15 GMT+0530 (India Standard Time) - GET /javascripts/respond.matchmedia.addListener.min.js HTTP/1.1 304 - - 2 http://localhost:3000/ Mozilla/5.0 (Windows NT 10.0; Win64; x64) AppleWebKit/537.36 (KHTML, like Gecko) Chrome/71.0.3578.98 Safari/537.36
::1 - Thu Dec 27 2018 17:02:57 GMT+0530 (India Standard Time) - GET / HTTP/1.1 304 - - 65 - Mozilla/5.0 (Windows NT 10.0; Win64; x64) AppleWebKit/537.36 (KHTML, like Gecko) Chrome/71.0.3578.98 Safari/537.36
::1 - Thu Dec 27 2018 17:02:57 GMT+0530 (India Standard Time) - GET /stylesheets/style.css HTTP/1.1 304 - - 6 http://localhost:3000/ Mozilla/5.0 (Windows NT 10.0; Win64; x64) AppleWebKit/537.36 (KHTML, like Gecko) Chrome/71.0.3578.98 Safari/537.36
::1 - Thu Dec 27 2018 17:02:57 GMT+0530 (India Standard Time) - GET /javascripts/html5shiv.min.js HTTP/1.1 304 - - 8 http://localhost:3000/ Mozilla/5.0 (Windows NT 10.0; Win64; x64) AppleWebKit/537.36 (KHTML, like Gecko) Chrome/71.0.3578.98 Safari/537.36
::1 - Thu Dec 27 2018 17:02:57 GMT+0530 (India Standard Time) - GET /javascripts/html5shiv-printshiv.min.js HTTP/1.1 304 - - 8 http://localhost:3000/ Mozilla/5.0 (Windows NT 10.0; Win64; x64) AppleWebKit/537.36 (KHTML, like Gecko) Chrome/71.0.3578.98 Safari/537.36
::1 - Thu Dec 27 2018 17:02:57 GMT+0530 (India Standard Time) - GET /javascripts/respond.min.js HTTP/1.1 304 - - 1 http://localhost:3000/ Mozilla/5.0 (Windows NT 10.0; Win64; x64) AppleWebKit/537.36 (KHTML, like Gecko) Chrome/71.0.3578.98 Safari/537.36
::1 - Thu Dec 27 2018 17:02:57 GMT+0530 (India Standard Time) - GET /javascripts/respond.matchmedia.addListener.min.js HTTP/1.1 304 - - 5 http://localhost:3000/ Mozilla/5.0 (Windows NT 10.0; Win64; x64) AppleWebKit/537.36 (KHTML, like Gecko) Chrome/71.0.3578.98 Safari/537.36
::1 - Thu Dec 27 2018 17:04:28 GMT+0530 (India Standard Time) - GET / HTTP/1.1 304 - - 58 - Mozilla/5.0 (Windows NT 10.0; Win64; x64) AppleWebKit/537.36 (KHTML, like Gecko) Chrome/71.0.3578.98 Safari/537.36
::1 - Thu Dec 27 2018 17:04:28 GMT+0530 (India Standard Time) - GET /stylesheets/style.css HTTP/1.1 304 - - 7 http://localhost:3000/ Mozilla/5.0 (Windows NT 10.0; Win64; x64) AppleWebKit/537.36 (KHTML, like Gecko) Chrome/71.0.3578.98 Safari/537.36
::1 - Thu Dec 27 2018 17:04:28 GMT+0530 (India Standard Time) - GET /javascripts/html5shiv.min.js HTTP/1.1 304 - - 8 http://localhost:3000/ Mozilla/5.0 (Windows NT 10.0; Win64; x64) AppleWebKit/537.36 (KHTML, like Gecko) Chrome/71.0.3578.98 Safari/537.36
::1 - Thu Dec 27 2018 17:04:28 GMT+0530 (India Standard Time) - GET /javascripts/html5shiv-printshiv.min.js HTTP/1.1 304 - - 9 http://localhost:3000/ Mozilla/5.0 (Windows NT 10.0; Win64; x64) AppleWebKit/537.36 (KHTML, like Gecko) Chrome/71.0.3578.98 Safari/537.36
::1 - Thu Dec 27 2018 17:04:28 GMT+0530 (India Standard Time) - GET /javascripts/respond.min.js HTTP/1.1 304 - - 11 http://localhost:3000/ Mozilla/5.0 (Windows NT 10.0; Win64; x64) AppleWebKit/537.36 (KHTML, like Gecko) Chrome/71.0.3578.98 Safari/537.36
::1 - Thu Dec 27 2018 17:04:28 GMT+0530 (India Standard Time) - GET /javascripts/respond.matchmedia.addListener.min.js HTTP/1.1 304 - - 12 http://localhost:3000/ Mozilla/5.0 (Windows NT 10.0; Win64; x64) AppleWebKit/537.36 (KHTML, like Gecko) Chrome/71.0.3578.98 Safari/537.36
::1 - Thu Dec 27 2018 17:06:25 GMT+0530 (India Standard Time) - GET / HTTP/1.1 304 - - 38 - Mozilla/5.0 (Windows NT 10.0; Win64; x64) AppleWebKit/537.36 (KHTML, like Gecko) Chrome/71.0.3578.98 Safari/537.36
::1 - Thu Dec 27 2018 17:06:25 GMT+0530 (India Standard Time) - GET /stylesheets/style.css HTTP/1.1 304 - - 5 http://localhost:3000/ Mozilla/5.0 (Windows NT 10.0; Win64; x64) AppleWebKit/537.36 (KHTML, like Gecko) Chrome/71.0.3578.98 Safari/537.36
::1 - Thu Dec 27 2018 17:06:25 GMT+0530 (India Standard Time) - GET /javascripts/html5shiv.min.js HTTP/1.1 304 - - 5 http://localhost:3000/ Mozilla/5.0 (Windows NT 10.0; Win64; x64) AppleWebKit/537.36 (KHTML, like Gecko) Chrome/71.0.3578.98 Safari/537.36
::1 - Thu Dec 27 2018 17:06:25 GMT+0530 (India Standard Time) - GET /javascripts/html5shiv-printshiv.min.js HTTP/1.1 304 - - 10 http://localhost:3000/ Mozilla/5.0 (Windows NT 10.0; Win64; x64) AppleWebKit/537.36 (KHTML, like Gecko) Chrome/71.0.3578.98 Safari/537.36
::1 - Thu Dec 27 2018 17:06:25 GMT+0530 (India Standard Time) - GET /javascripts/respond.min.js HTTP/1.1 304 - - 11 http://localhost:3000/ Mozilla/5.0 (Windows NT 10.0; Win64; x64) AppleWebKit/537.36 (KHTML, like Gecko) Chrome/71.0.3578.98 Safari/537.36
::1 - Thu Dec 27 2018 17:06:25 GMT+0530 (India Standard Time) - GET /javascripts/respond.matchmedia.addListener.min.js HTTP/1.1 304 - - 12 http://localhost:3000/ Mozilla/5.0 (Windows NT 10.0; Win64; x64) AppleWebKit/537.36 (KHTML, like Gecko) Chrome/71.0.3578.98 Safari/537.36
::1 - Thu Dec 27 2018 17:07:07 GMT+0530 (India Standard Time) - GET / HTTP/1.1 304 - - 38 - Mozilla/5.0 (Windows NT 10.0; Win64; x64) AppleWebKit/537.36 (KHTML, like Gecko) Chrome/71.0.3578.98 Safari/537.36
::1 - Thu Dec 27 2018 17:07:07 GMT+0530 (India Standard Time) - GET /stylesheets/style.css HTTP/1.1 304 - - 5 http://localhost:3000/ Mozilla/5.0 (Windows NT 10.0; Win64; x64) AppleWebKit/537.36 (KHTML, like Gecko) Chrome/71.0.3578.98 Safari/537.36
::1 - Thu Dec 27 2018 17:07:07 GMT+0530 (India Standard Time) - GET /javascripts/html5shiv.min.js HTTP/1.1 304 - - 6 http://localhost:3000/ Mozilla/5.0 (Windows NT 10.0; Win64; x64) AppleWebKit/537.36 (KHTML, like Gecko) Chrome/71.0.3578.98 Safari/537.36
::1 - Thu Dec 27 2018 17:07:07 GMT+0530 (India Standard Time) - GET /javascripts/respond.min.js HTTP/1.1 304 - - 10 http://localhost:3000/ Mozilla/5.0 (Windows NT 10.0; Win64; x64) AppleWebKit/537.36 (KHTML, like Gecko) Chrome/71.0.3578.98 Safari/537.36
::1 - Thu Dec 27 2018 17:07:07 GMT+0530 (India Standard Time) - GET /javascripts/respond.matchmedia.addListener.min.js HTTP/1.1 304 - - 11 http://localhost:3000/ Mozilla/5.0 (Windows NT 10.0; Win64; x64) AppleWebKit/537.36 (KHTML, like Gecko) Chrome/71.0.3578.98 Safari/537.36
::1 - Thu Dec 27 2018 17:07:07 GMT+0530 (India Standard Time) - GET /javascripts/html5shiv-printshiv.min.js HTTP/1.1 304 - - 12 http://localhost:3000/ Mozilla/5.0 (Windows NT 10.0; Win64; x64) AppleWebKit/537.36 (KHTML, like Gecko) Chrome/71.0.3578.98 Safari/537.36
::1 - Thu Dec 27 2018 17:10:50 GMT+0530 (India Standard Time) - GET / HTTP/1.1 304 - - 41 - Mozilla/5.0 (Windows NT 10.0; Win64; x64) AppleWebKit/537.36 (KHTML, like Gecko) Chrome/71.0.3578.98 Safari/537.36
::1 - Thu Dec 27 2018 17:10:50 GMT+0530 (India Standard Time) - GET /stylesheets/style.css HTTP/1.1 304 - - 6 http://localhost:3000/ Mozilla/5.0 (Windows NT 10.0; Win64; x64) AppleWebKit/537.36 (KHTML, like Gecko) Chrome/71.0.3578.98 Safari/537.36
::1 - Thu Dec 27 2018 17:10:50 GMT+0530 (India Standard Time) - GET /javascripts/html5shiv.min.js HTTP/1.1 304 - - 6 http://localhost:3000/ Mozilla/5.0 (Windows NT 10.0; Win64; x64) AppleWebKit/537.36 (KHTML, like Gecko) Chrome/71.0.3578.98 Safari/537.36
::1 - Thu Dec 27 2018 17:10:50 GMT+0530 (India Standard Time) - GET /javascripts/html5shiv-printshiv.min.js HTTP/1.1 304 - - 6 http://localhost:3000/ Mozilla/5.0 (Windows NT 10.0; Win64; x64) AppleWebKit/537.36 (KHTML, like Gecko) Chrome/71.0.3578.98 Safari/537.36
::1 - Thu Dec 27 2018 17:10:50 GMT+0530 (India Standard Time) - GET /javascripts/respond.min.js HTTP/1.1 304 - - 7 http://localhost:3000/ Mozilla/5.0 (Windows NT 10.0; Win64; x64) AppleWebKit/537.36 (KHTML, like Gecko) Chrome/71.0.3578.98 Safari/537.36
::1 - Thu Dec 27 2018 17:10:50 GMT+0530 (India Standard Time) - GET /javascripts/respond.matchmedia.addListener.min.js HTTP/1.1 304 - - 12 http://localhost:3000/ Mozilla/5.0 (Windows NT 10.0; Win64; x64) AppleWebKit/537.36 (KHTML, like Gecko) Chrome/71.0.3578.98 Safari/537.36
::1 - Thu Dec 27 2018 17:12:32 GMT+0530 (India Standard Time) - GET / HTTP/1.1 304 - - 41 - Mozilla/5.0 (Windows NT 10.0; Win64; x64) AppleWebKit/537.36 (KHTML, like Gecko) Chrome/71.0.3578.98 Safari/537.36
::1 - Thu Dec 27 2018 17:12:32 GMT+0530 (India Standard Time) - GET /stylesheets/style.css HTTP/1.1 304 - - 4 http://localhost:3000/ Mozilla/5.0 (Windows NT 10.0; Win64; x64) AppleWebKit/537.36 (KHTML, like Gecko) Chrome/71.0.3578.98 Safari/537.36
::1 - Thu Dec 27 2018 17:12:32 GMT+0530 (India Standard Time) - GET /javascripts/html5shiv.min.js HTTP/1.1 304 - - 7 http://localhost:3000/ Mozilla/5.0 (Windows NT 10.0; Win64; x64) AppleWebKit/537.36 (KHTML, like Gecko) Chrome/71.0.3578.98 Safari/537.36
::1 - Thu Dec 27 2018 17:12:32 GMT+0530 (India Standard Time) - GET /javascripts/respond.min.js HTTP/1.1 304 - - 9 http://localhost:3000/ Mozilla/5.0 (Windows NT 10.0; Win64; x64) AppleWebKit/537.36 (KHTML, like Gecko) Chrome/71.0.3578.98 Safari/537.36
::1 - Thu Dec 27 2018 17:12:32 GMT+0530 (India Standard Time) - GET /javascripts/html5shiv-printshiv.min.js HTTP/1.1 304 - - 4 http://localhost:3000/ Mozilla/5.0 (Windows NT 10.0; Win64; x64) AppleWebKit/537.36 (KHTML, like Gecko) Chrome/71.0.3578.98 Safari/537.36
::1 - Thu Dec 27 2018 17:12:32 GMT+0530 (India Standard Time) - GET /javascripts/respond.matchmedia.addListener.min.js HTTP/1.1 304 - - 6 http://localhost:3000/ Mozilla/5.0 (Windows NT 10.0; Win64; x64) AppleWebKit/537.36 (KHTML, like Gecko) Chrome/71.0.3578.98 Safari/537.36
::1 - Thu Dec 27 2018 17:14:38 GMT+0530 (India Standard Time) - GET / HTTP/1.1 304 - - 42 - Mozilla/5.0 (Windows NT 10.0; Win64; x64) AppleWebKit/537.36 (KHTML, like Gecko) Chrome/71.0.3578.98 Safari/537.36
::1 - Thu Dec 27 2018 17:14:38 GMT+0530 (India Standard Time) - GET /stylesheets/style.css HTTP/1.1 304 - - 6 http://localhost:3000/ Mozilla/5.0 (Windows NT 10.0; Win64; x64) AppleWebKit/537.36 (KHTML, like Gecko) Chrome/71.0.3578.98 Safari/537.36
::1 - Thu Dec 27 2018 17:14:38 GMT+0530 (India Standard Time) - GET /javascripts/html5shiv.min.js HTTP/1.1 304 - - 8 http://localhost:3000/ Mozilla/5.0 (Windows NT 10.0; Win64; x64) AppleWebKit/537.36 (KHTML, like Gecko) Chrome/71.0.3578.98 Safari/537.36
::1 - Thu Dec 27 2018 17:14:38 GMT+0530 (India Standard Time) - GET /javascripts/html5shiv-printshiv.min.js HTTP/1.1 304 - - 9 http://localhost:3000/ Mozilla/5.0 (Windows NT 10.0; Win64; x64) AppleWebKit/537.36 (KHTML, like Gecko) Chrome/71.0.3578.98 Safari/537.36
::1 - Thu Dec 27 2018 17:14:38 GMT+0530 (India Standard Time) - GET /javascripts/respond.min.js HTTP/1.1 304 - - 10 http://localhost:3000/ Mozilla/5.0 (Windows NT 10.0; Win64; x64) AppleWebKit/537.36 (KHTML, like Gecko) Chrome/71.0.3578.98 Safari/537.36
::1 - Thu Dec 27 2018 17:14:38 GMT+0530 (India Standard Time) - GET /javascripts/respond.matchmedia.addListener.min.js HTTP/1.1 304 - - 11 http://localhost:3000/ Mozilla/5.0 (Windows NT 10.0; Win64; x64) AppleWebKit/537.36 (KHTML, like Gecko) Chrome/71.0.3578.98 Safari/537.36
::1 - Thu Dec 27 2018 17:25:39 GMT+0530 (India Standard Time) - GET / HTTP/1.1 304 - - 40 - Mozilla/5.0 (Windows NT 10.0; Win64; x64) AppleWebKit/537.36 (KHTML, like Gecko) Chrome/71.0.3578.98 Safari/537.36
::1 - Thu Dec 27 2018 17:25:39 GMT+0530 (India Standard Time) - GET /stylesheets/style.css HTTP/1.1 304 - - 4 http://localhost:3000/ Mozilla/5.0 (Windows NT 10.0; Win64; x64) AppleWebKit/537.36 (KHTML, like Gecko) Chrome/71.0.3578.98 Safari/537.36
::1 - Thu Dec 27 2018 17:25:39 GMT+0530 (India Standard Time) - GET /javascripts/html5shiv.min.js HTTP/1.1 304 - - 7 http://localhost:3000/ Mozilla/5.0 (Windows NT 10.0; Win64; x64) AppleWebKit/537.36 (KHTML, like Gecko) Chrome/71.0.3578.98 Safari/537.36
::1 - Thu Dec 27 2018 17:25:39 GMT+0530 (India Standard Time) - GET /javascripts/html5shiv-printshiv.min.js HTTP/1.1 304 - - 10 http://localhost:3000/ Mozilla/5.0 (Windows NT 10.0; Win64; x64) AppleWebKit/537.36 (KHTML, like Gecko) Chrome/71.0.3578.98 Safari/537.36
::1 - Thu Dec 27 2018 17:25:39 GMT+0530 (India Standard Time) - GET /javascripts/respond.min.js HTTP/1.1 304 - - 5 http://localhost:3000/ Mozilla/5.0 (Windows NT 10.0; Win64; x64) AppleWebKit/537.36 (KHTML, like Gecko) Chrome/71.0.3578.98 Safari/537.36
::1 - Thu Dec 27 2018 17:25:39 GMT+0530 (India Standard Time) - GET /javascripts/respond.matchmedia.addListener.min.js HTTP/1.1 304 - - 6 http://localhost:3000/ Mozilla/5.0 (Windows NT 10.0; Win64; x64) AppleWebKit/537.36 (KHTML, like Gecko) Chrome/71.0.3578.98 Safari/537.36
::ffff:127.0.0.1 - Thu Dec 27 2018 17:58:31 GMT+0530 (India Standard Time) - GET / HTTP/1.1 200 843 - 42 - Mozilla/5.0 (Windows NT 10.0; Win64; x64) AppleWebKit/537.36 (KHTML, like Gecko) Chrome/71.0.3578.98 Safari/537.36
::ffff:127.0.0.1 - Thu Dec 27 2018 17:58:31 GMT+0530 (India Standard Time) - GET /stylesheets/style.css HTTP/1.1 304 - - 4 http://localhost:3000/ Mozilla/5.0 (Windows NT 10.0; Win64; x64) AppleWebKit/537.36 (KHTML, like Gecko) Chrome/71.0.3578.98 Safari/537.36
::1 - Thu Dec 27 2018 17:58:31 GMT+0530 (India Standard Time) - GET /javascripts/html5shiv.min.js HTTP/1.1 304 - - 8 http://localhost:3000/ Mozilla/5.0 (Windows NT 10.0; Win64; x64) AppleWebKit/537.36 (KHTML, like Gecko) Chrome/71.0.3578.98 Safari/537.36
::1 - Thu Dec 27 2018 17:58:31 GMT+0530 (India Standard Time) - GET /javascripts/respond.min.js HTTP/1.1 304 - - 2 http://localhost:3000/ Mozilla/5.0 (Windows NT 10.0; Win64; x64) AppleWebKit/537.36 (KHTML, like Gecko) Chrome/71.0.3578.98 Safari/537.36
::1 - Thu Dec 27 2018 17:58:31 GMT+0530 (India Standard Time) - GET /javascripts/respond.matchmedia.addListener.min.js HTTP/1.1 304 - - 4 http://localhost:3000/ Mozilla/5.0 (Windows NT 10.0; Win64; x64) AppleWebKit/537.36 (KHTML, like Gecko) Chrome/71.0.3578.98 Safari/537.36
::1 - Thu Dec 27 2018 17:58:31 GMT+0530 (India Standard Time) - GET /javascripts/html5shiv-printshiv.min.js HTTP/1.1 304 - - 5 http://localhost:3000/ Mozilla/5.0 (Windows NT 10.0; Win64; x64) AppleWebKit/537.36 (KHTML, like Gecko) Chrome/71.0.3578.98 Safari/537.36
::1 - Thu Dec 27 2018 17:58:31 GMT+0530 (India Standard Time) - GET /ficon.ico HTTP/1.1 304 - - 0 http://localhost:3000/ Mozilla/5.0 (Windows NT 10.0; Win64; x64) AppleWebKit/537.36 (KHTML, like Gecko) Chrome/71.0.3578.98 Safari/537.36
::1 - Thu Dec 27 2018 18:00:32 GMT+0530 (India Standard Time) - GET / HTTP/1.1 304 - - 43 - Mozilla/5.0 (Windows NT 10.0; Win64; x64) AppleWebKit/537.36 (KHTML, like Gecko) Chrome/71.0.3578.98 Safari/537.36
::1 - Thu Dec 27 2018 18:00:32 GMT+0530 (India Standard Time) - GET /stylesheets/style.css HTTP/1.1 304 - - 5 http://localhost:3000/ Mozilla/5.0 (Windows NT 10.0; Win64; x64) AppleWebKit/537.36 (KHTML, like Gecko) Chrome/71.0.3578.98 Safari/537.36
::1 - Thu Dec 27 2018 18:00:32 GMT+0530 (India Standard Time) - GET /javascripts/html5shiv.min.js HTTP/1.1 304 - - 12 http://localhost:3000/ Mozilla/5.0 (Windows NT 10.0; Win64; x64) AppleWebKit/537.36 (KHTML, like Gecko) Chrome/71.0.3578.98 Safari/537.36
::1 - Thu Dec 27 2018 18:00:32 GMT+0530 (India Standard Time) - GET /javascripts/html5shiv-printshiv.min.js HTTP/1.1 304 - - 14 http://localhost:3000/ Mozilla/5.0 (Windows NT 10.0; Win64; x64) AppleWebKit/537.36 (KHTML, like Gecko) Chrome/71.0.3578.98 Safari/537.36
::1 - Thu Dec 27 2018 18:00:32 GMT+0530 (India Standard Time) - GET /javascripts/respond.min.js HTTP/1.1 304 - - 15 http://localhost:3000/ Mozilla/5.0 (Windows NT 10.0; Win64; x64) AppleWebKit/537.36 (KHTML, like Gecko) Chrome/71.0.3578.98 Safari/537.36
::1 - Thu Dec 27 2018 18:00:32 GMT+0530 (India Standard Time) - GET /javascripts/respond.matchmedia.addListener.min.js HTTP/1.1 304 - - 16 http://localhost:3000/ Mozilla/5.0 (Windows NT 10.0; Win64; x64) AppleWebKit/537.36 (KHTML, like Gecko) Chrome/71.0.3578.98 Safari/537.36
::1 - Thu Dec 27 2018 18:04:24 GMT+0530 (India Standard Time) - GET / HTTP/1.1 304 - - 35 - Mozilla/5.0 (Windows NT 10.0; Win64; x64) AppleWebKit/537.36 (KHTML, like Gecko) Chrome/71.0.3578.98 Safari/537.36
::1 - Thu Dec 27 2018 18:04:24 GMT+0530 (India Standard Time) - GET /stylesheets/style.css HTTP/1.1 304 - - 4 http://localhost:3000/ Mozilla/5.0 (Windows NT 10.0; Win64; x64) AppleWebKit/537.36 (KHTML, like Gecko) Chrome/71.0.3578.98 Safari/537.36
::1 - Thu Dec 27 2018 18:04:24 GMT+0530 (India Standard Time) - GET /javascripts/html5shiv.min.js HTTP/1.1 304 - - 4 http://localhost:3000/ Mozilla/5.0 (Windows NT 10.0; Win64; x64) AppleWebKit/537.36 (KHTML, like Gecko) Chrome/71.0.3578.98 Safari/537.36
::1 - Thu Dec 27 2018 18:04:24 GMT+0530 (India Standard Time) - GET /javascripts/html5shiv-printshiv.min.js HTTP/1.1 304 - - 2 http://localhost:3000/ Mozilla/5.0 (Windows NT 10.0; Win64; x64) AppleWebKit/537.36 (KHTML, like Gecko) Chrome/71.0.3578.98 Safari/537.36
::1 - Thu Dec 27 2018 18:04:24 GMT+0530 (India Standard Time) - GET /javascripts/respond.min.js HTTP/1.1 304 - - 2 http://localhost:3000/ Mozilla/5.0 (Windows NT 10.0; Win64; x64) AppleWebKit/537.36 (KHTML, like Gecko) Chrome/71.0.3578.98 Safari/537.36
::1 - Thu Dec 27 2018 18:04:24 GMT+0530 (India Standard Time) - GET /javascripts/respond.matchmedia.addListener.min.js HTTP/1.1 304 - - 2 http://localhost:3000/ Mozilla/5.0 (Windows NT 10.0; Win64; x64) AppleWebKit/537.36 (KHTML, like Gecko) Chrome/71.0.3578.98 Safari/537.36
::1 - Thu Dec 27 2018 18:04:52 GMT+0530 (India Standard Time) - GET / HTTP/1.1 304 - - 36 - Mozilla/5.0 (Windows NT 10.0; Win64; x64) AppleWebKit/537.36 (KHTML, like Gecko) Chrome/71.0.3578.98 Safari/537.36
::1 - Thu Dec 27 2018 18:04:52 GMT+0530 (India Standard Time) - GET /stylesheets/style.css HTTP/1.1 304 - - 6 http://localhost:3000/ Mozilla/5.0 (Windows NT 10.0; Win64; x64) AppleWebKit/537.36 (KHTML, like Gecko) Chrome/71.0.3578.98 Safari/537.36
::1 - Thu Dec 27 2018 18:04:52 GMT+0530 (India Standard Time) - GET /javascripts/html5shiv.min.js HTTP/1.1 304 - - 7 http://localhost:3000/ Mozilla/5.0 (Windows NT 10.0; Win64; x64) AppleWebKit/537.36 (KHTML, like Gecko) Chrome/71.0.3578.98 Safari/537.36
::1 - Thu Dec 27 2018 18:04:52 GMT+0530 (India Standard Time) - GET /javascripts/html5shiv-printshiv.min.js HTTP/1.1 304 - - 12 http://localhost:3000/ Mozilla/5.0 (Windows NT 10.0; Win64; x64) AppleWebKit/537.36 (KHTML, like Gecko) Chrome/71.0.3578.98 Safari/537.36
::1 - Thu Dec 27 2018 18:04:52 GMT+0530 (India Standard Time) - GET /javascripts/respond.min.js HTTP/1.1 304 - - 13 http://localhost:3000/ Mozilla/5.0 (Windows NT 10.0; Win64; x64) AppleWebKit/537.36 (KHTML, like Gecko) Chrome/71.0.3578.98 Safari/537.36
::1 - Thu Dec 27 2018 18:04:52 GMT+0530 (India Standard Time) - GET /javascripts/respond.matchmedia.addListener.min.js HTTP/1.1 304 - - 14 http://localhost:3000/ Mozilla/5.0 (Windows NT 10.0; Win64; x64) AppleWebKit/537.36 (KHTML, like Gecko) Chrome/71.0.3578.98 Safari/537.36
